<?xml version="1.0" encoding="utf-8"?><testsuites name="pytest tests"><testsuite name="pytest" errors="0" failures="0" skipped="0" tests="19" time="6.863" timestamp="2026-04-23T15:47:01.119300+00:00" hostname="agent-env-369da1b3-9b54-4c8f-8549-9126bae75fc9"><testcase classname="backend.tests.test_backend_api.TestAuth" name="test_register_returns_token_and_user" time="0.740" /><testcase classname="backend.tests.test_backend_api.TestAuth" name="test_register_duplicate_email_fails" time="0.186" /><testcase classname="backend.tests.test_backend_api.TestAuth" name="test_login_admin_seeded" time="0.478" /><testcase classname="backend.tests.test_backend_api.TestAuth" name="test_login_registered_user" time="0.464" /><testcase classname="backend.tests.test_backend_api.TestAuth" name="test_login_bad_password" time="0.500" /><testcase classname="backend.tests.test_backend_api.TestAuth" name="test_me_with_bearer" time="0.174" /><testcase classname="backend.tests.test_backend_api.TestAuth" name="test_me_without_token_401" time="0.167" /><testcase classname="backend.tests.test_backend_api.TestAuth" name="test_bcrypt_hash_format_indirectly" time="0.417" /><testcase classname="backend.tests.test_backend_api.TestShifts" name="test_create_list_delete_shift" time="0.632" /><testcase classname="backend.tests.test_backend_api.TestShifts" name="test_delete_nonexistent_shift_404" time="0.125" /><testcase classname="backend.tests.test_backend_api.TestShifts" name="test_shifts_requires_auth" time="0.153" /><testcase classname="backend.tests.test_backend_api.TestAttendance" name="test_checkin_status_checkout_flow" time="1.032" /><testcase classname="backend.tests.test_backend_api.TestAttendance" name="test_attendance_mine_returns_user_records" time="0.178" /><testcase classname="backend.tests.test_backend_api.TestAdmin" name="test_admin_employees" time="0.128" /><testcase classname="backend.tests.test_backend_api.TestAdmin" name="test_admin_attendance" time="0.124" /><testcase classname="backend.tests.test_backend_api.TestAdmin" name="test_admin_shifts" time="0.133" /><testcase classname="backend.tests.test_backend_api.TestAdmin" name="test_admin_stats" time="0.137" /><testcase classname="backend.tests.test_backend_api.TestAdmin" name="test_employee_forbidden_admin" time="0.555" /><testcase classname="backend.tests.test_backend_api.TestAdmin" name="test_admin_unauth_401" time="0.142" /></testsuite></testsuites>